<?xml version="1.0" encoding="UTF-8"?>
<robot generator="Robot 6.1.1 (Python 3.11.5 on win32)" generated="20230927 10:25:43.404" rpa="false" schemaversion="4">
<suite id="s1" name="Add User" source="d:\All Web\Robot Project\RMS\administration\user\successfull\add_user.robot">
<test id="s1-t1" name="Valid Login" line="11">
<kw name="Valid Login" library="keywords">
<kw name="Open Browser" library="SeleniumLibrary">
<arg>${LOGIN URL}</arg>
<arg>${BROWSER}</arg>
<doc>Opens a new browser instance to the optional ``url``.</doc>
<msg timestamp="20230927 10:25:44.189" level="INFO">Opening browser 'chrome' to base url 'https://dev.allweb.com.kh/rms/'.</msg>
<status status="PASS" starttime="20230927 10:25:44.185" endtime="20230927 10:25:47.821"/>
</kw>
<kw name="Set Selenium Speed" library="SeleniumLibrary">
<arg>0.3 seconds</arg>
<doc>Sets the delay that is waited after each Selenium command.</doc>
<status status="PASS" starttime="20230927 10:25:47.825" endtime="20230927 10:25:47.831"/>
</kw>
<kw name="Maximize Browser Window" library="SeleniumLibrary">
<doc>Maximizes current browser window.</doc>
<status status="PASS" starttime="20230927 10:25:47.832" endtime="20230927 10:25:48.341"/>
</kw>
<kw name="Click Button" library="SeleniumLibrary">
<arg>LOGIN</arg>
<doc>Clicks the button identified by ``locator``.</doc>
<msg timestamp="20230927 10:25:48.346" level="INFO">Clicking button 'LOGIN'.</msg>
<status status="PASS" starttime="20230927 10:25:48.343" endtime="20230927 10:25:50.073"/>
</kw>
<kw name="Input Text" library="SeleniumLibrary">
<arg>username</arg>
<arg>${username}</arg>
<doc>Types the given ``text`` into the text field identified by ``locator``.</doc>
<msg timestamp="20230927 10:25:50.076" level="INFO">Typing text 'porhong' into text field 'username'.</msg>
<status status="PASS" starttime="20230927 10:25:50.074" endtime="20230927 10:25:51.081"/>
</kw>
<kw name="Input Text" library="SeleniumLibrary">
<arg>password</arg>
<arg>${password}</arg>
<doc>Types the given ``text`` into the text field identified by ``locator``.</doc>
<msg timestamp="20230927 10:25:51.085" level="INFO">Typing text '123' into text field 'password'.</msg>
<status status="PASS" starttime="20230927 10:25:51.082" endtime="20230927 10:25:52.118"/>
</kw>
<kw name="Click Button" library="SeleniumLibrary">
<arg>login</arg>
<doc>Clicks the button identified by ``locator``.</doc>
<msg timestamp="20230927 10:25:52.121" level="INFO">Clicking button 'login'.</msg>
<status status="PASS" starttime="20230927 10:25:52.119" endtime="20230927 10:25:53.764"/>
</kw>
<kw name="Title Should Be" library="SeleniumLibrary">
<arg>${Title_dashboard}</arg>
<doc>Verifies that the current page title equals ``title``.</doc>
<msg timestamp="20230927 10:25:54.766" level="INFO">Page title is 'ALLWEB Recruitment Management System'.</msg>
<status status="PASS" starttime="20230927 10:25:53.771" endtime="20230927 10:25:54.766"/>
</kw>
<status status="PASS" starttime="20230927 10:25:44.180" endtime="20230927 10:25:54.767"/>
</kw>
<kw name="Go to Admin" library="keywords">
<kw name="Click Button" library="SeleniumLibrary">
<arg>//button[@aria-label='Toggle Administration']</arg>
<doc>Clicks the button identified by ``locator``.</doc>
<msg timestamp="20230927 10:25:54.774" level="INFO">Clicking button '//button[@aria-label='Toggle Administration']'.</msg>
<status status="PASS" starttime="20230927 10:25:54.771" endtime="20230927 10:25:56.393"/>
</kw>
<kw name="Click Button" library="SeleniumLibrary">
<arg>//mat-tree-node[12]//button[1]</arg>
<doc>Clicks the button identified by ``locator``.</doc>
<msg timestamp="20230927 10:25:56.398" level="INFO">Clicking button '//mat-tree-node[12]//button[1]'.</msg>
<status status="PASS" starttime="20230927 10:25:56.394" endtime="20230927 10:25:58.002"/>
</kw>
<kw name="Click Button" library="SeleniumLibrary">
<arg>//button[@type='button']</arg>
<doc>Clicks the button identified by ``locator``.</doc>
<msg timestamp="20230927 10:25:58.009" level="INFO">Clicking button '//button[@type='button']'.</msg>
<status status="PASS" starttime="20230927 10:25:58.006" endtime="20230927 10:25:59.707"/>
</kw>
<status status="PASS" starttime="20230927 10:25:54.769" endtime="20230927 10:25:59.709"/>
</kw>
<kw name="Add user" library="keywords">
<arg>${Username1}</arg>
<arg>${Firstname1}</arg>
<arg>${Lastname1}</arg>
<arg>${Email1}</arg>
<arg>${password}</arg>
<kw name="Input Text" library="SeleniumLibrary">
<arg>//input[@id='mat-input-0']</arg>
<arg>${Username}</arg>
<doc>Types the given ``text`` into the text field identified by ``locator``.</doc>
<msg timestamp="20230927 10:25:59.724" level="INFO">Typing text 'Alex' into text field '//input[@id='mat-input-0']'.</msg>
<status status="PASS" starttime="20230927 10:25:59.719" endtime="20230927 10:26:00.747"/>
</kw>
<kw name="Input Text" library="SeleniumLibrary">
<arg>//input[@id='mat-input-1']</arg>
<arg>${Firstname}</arg>
<doc>Types the given ``text`` into the text field identified by ``locator``.</doc>
<msg timestamp="20230927 10:26:00.750" level="INFO">Typing text 'Alex' into text field '//input[@id='mat-input-1']'.</msg>
<status status="PASS" starttime="20230927 10:26:00.748" endtime="20230927 10:26:01.794"/>
</kw>
<kw name="Input Text" library="SeleniumLibrary">
<arg>//input[@id='mat-input-2']</arg>
<arg>${Lastname}</arg>
<doc>Types the given ``text`` into the text field identified by ``locator``.</doc>
<msg timestamp="20230927 10:26:01.797" level="INFO">Typing text 'Tester' into text field '//input[@id='mat-input-2']'.</msg>
<status status="PASS" starttime="20230927 10:26:01.795" endtime="20230927 10:26:02.826"/>
</kw>
<kw name="Input Text" library="SeleniumLibrary">
<arg>//input[@id='mat-input-3']</arg>
<arg>${Email}</arg>
<doc>Types the given ``text`` into the text field identified by ``locator``.</doc>
<msg timestamp="20230927 10:26:02.828" level="INFO">Typing text 'Alextester@mail.com' into text field '//input[@id='mat-input-3']'.</msg>
<status status="PASS" starttime="20230927 10:26:02.827" endtime="20230927 10:26:03.901"/>
</kw>
<kw name="Input Password" library="SeleniumLibrary">
<arg>//input[@id='mat-input-4']</arg>
<arg>${Password}</arg>
<doc>Types the given password into the text field identified by ``locator``.</doc>
<msg timestamp="20230927 10:26:03.919" level="INFO">Typing password into text field '//input[@id='mat-input-4']'.</msg>
<msg timestamp="20230927 10:26:04.579" level="INFO">Temporally setting log level to: NONE</msg>
<msg timestamp="20230927 10:26:04.948" level="INFO">Log level changed from NONE to INFO.</msg>
<status status="PASS" starttime="20230927 10:26:03.905" endtime="20230927 10:26:04.949"/>
</kw>
<kw name="Input Password" library="SeleniumLibrary">
<arg>//input[@id='mat-input-5']</arg>
<arg>${Password}</arg>
<doc>Types the given password into the text field identified by ``locator``.</doc>
<msg timestamp="20230927 10:26:04.955" level="INFO">Typing password into text field '//input[@id='mat-input-5']'.</msg>
<msg timestamp="20230927 10:26:05.612" level="INFO">Temporally setting log level to: NONE</msg>
<msg timestamp="20230927 10:26:06.037" level="INFO">Log level changed from NONE to INFO.</msg>
<status status="PASS" starttime="20230927 10:26:04.950" endtime="20230927 10:26:06.038"/>
</kw>
<kw name="Click Button" library="SeleniumLibrary">
<arg>//button[@type='submit']</arg>
<doc>Clicks the button identified by ``locator``.</doc>
<msg timestamp="20230927 10:26:06.043" level="INFO">Clicking button '//button[@type='submit']'.</msg>
<status status="PASS" starttime="20230927 10:26:06.039" endtime="20230927 10:26:07.651"/>
</kw>
<status status="PASS" starttime="20230927 10:25:59.712" endtime="20230927 10:26:07.653"/>
</kw>
<kw name="Verify add user successfull" library="keywords">
<kw name="Get Text" library="SeleniumLibrary">
<var>${response}</var>
<arg>(//div[@class='message'])[1]</arg>
<doc>Returns the text value of the element identified by ``locator``.</doc>
<msg timestamp="20230927 10:26:08.358" level="INFO">${response} = Create user successfully.</msg>
<status status="PASS" starttime="20230927 10:26:07.661" endtime="20230927 10:26:08.359"/>
</kw>
<kw name="Should Be Equal As Strings" library="BuiltIn">
<arg>${response}</arg>
<arg>Create user successfully.</arg>
<doc>Fails if objects are unequal after converting them to strings.</doc>
<status status="PASS" starttime="20230927 10:26:08.360" endtime="20230927 10:26:08.362"/>
</kw>
<status status="PASS" starttime="20230927 10:26:07.656" endtime="20230927 10:26:08.363"/>
</kw>
<kw name="Delete User" library="keywords">
<kw name="Click Element" library="SeleniumLibrary">
<arg>(//mat-icon[@role='img'][normalize-space()='more_vert'])[1]</arg>
<doc>Click the element identified by ``locator``.</doc>
<msg timestamp="20230927 10:26:08.370" level="INFO">Clicking element '(//mat-icon[@role='img'][normalize-space()='more_vert'])[1]'.</msg>
<status status="PASS" starttime="20230927 10:26:08.368" endtime="20230927 10:26:09.056"/>
</kw>
<kw name="Click Element" library="SeleniumLibrary">
<arg>(//div[@class='d-flex flex-row justify-content-start align-items-center'])[1]</arg>
<doc>Click the element identified by ``locator``.</doc>
<msg timestamp="20230927 10:26:09.058" level="INFO">Clicking element '(//div[@class='d-flex flex-row justify-content-start align-items-center'])[1]'.</msg>
<status status="PASS" starttime="20230927 10:26:09.057" endtime="20230927 10:26:09.744"/>
</kw>
<kw name="Click Element" library="SeleniumLibrary">
<arg>(//button[@class='mat-ripple aw-btn d-flex flex-column align-items-center justify-content-center aw-btn-danger'])[1]</arg>
<doc>Click the element identified by ``locator``.</doc>
<msg timestamp="20230927 10:26:09.791" level="INFO">Clicking element '(//button[@class='mat-ripple aw-btn d-flex flex-column align-items-center justify-content-center aw-btn-danger'])[1]'.</msg>
<status status="PASS" starttime="20230927 10:26:09.751" endtime="20230927 10:26:10.573"/>
</kw>
<status status="PASS" starttime="20230927 10:26:08.366" endtime="20230927 10:26:10.581"/>
</kw>
<kw name="Verify delete user successfull" library="keywords">
<kw name="Get Text" library="SeleniumLibrary">
<var>${response}</var>
<arg>(//div[@class='message'])[1]</arg>
<doc>Returns the text value of the element identified by ``locator``.</doc>
<msg timestamp="20230927 10:26:11.439" level="INFO">${response} = Delete user successfully</msg>
<status status="PASS" starttime="20230927 10:26:10.609" endtime="20230927 10:26:11.442"/>
</kw>
<kw name="Should Be Equal As Strings" library="BuiltIn">
<arg>${response}</arg>
<arg>Delete user successfully</arg>
<doc>Fails if objects are unequal after converting them to strings.</doc>
<status status="PASS" starttime="20230927 10:26:11.443" endtime="20230927 10:26:11.447"/>
</kw>
<status status="PASS" starttime="20230927 10:26:10.591" endtime="20230927 10:26:11.449"/>
</kw>
<status status="PASS" starttime="20230927 10:25:44.178" endtime="20230927 10:26:11.453"/>
</test>
<doc>Add User</doc>
<status status="PASS" starttime="20230927 10:25:43.453" endtime="20230927 10:26:11.460"/>
</suite>
<statistics>
<total>
<stat pass="1" fail="0" skip="0">All Tests</stat>
</total>
<tag>
</tag>
<suite>
<stat pass="1" fail="0" skip="0" id="s1" name="Add User">Add User</stat>
</suite>
</statistics>
<errors>
</errors>
</robot>
