<?xml version="1.0" encoding="UTF-8"?>
<robot generator="Robot 6.1.1 (Python 3.11.5 on win32)" generated="20230918 09:44:18.600" rpa="false" schemaversion="4">
<suite id="s1" name="Login" source="d:\All Web\Robot Project\RMS\demand\login.robot">
<test id="s1-t1" name="Valid Login" line="10">
<kw name="Open Browser To Login Page">
<kw name="Open Browser" library="SeleniumLibrary">
<arg>${LOGIN URL}</arg>
<arg>${BROWSER}</arg>
<doc>Opens a new browser instance to the optional ``url``.</doc>
<msg timestamp="20230918 09:44:18.930" level="INFO">Opening browser 'chrome' to base url 'https://dev.allweb.com.kh/rms/'.</msg>
<status status="PASS" starttime="20230918 09:44:18.929" endtime="20230918 09:44:24.208"/>
</kw>
<kw name="Title Should Be" library="SeleniumLibrary">
<arg>ALLWEB Recruitment Management System</arg>
<doc>Verifies that the current page title equals ``title``.</doc>
<msg timestamp="20230918 09:44:24.701" level="INFO">Page title is 'ALLWEB Recruitment Management System'.</msg>
<status status="PASS" starttime="20230918 09:44:24.210" endtime="20230918 09:44:24.702"/>
</kw>
<status status="PASS" starttime="20230918 09:44:18.929" endtime="20230918 09:44:24.702"/>
</kw>
<kw name="Submit Login">
<kw name="Click Button" library="SeleniumLibrary">
<arg>LOGIN</arg>
<doc>Clicks the button identified by ``locator``.</doc>
<msg timestamp="20230918 09:44:24.733" level="INFO">Clicking button 'LOGIN'.</msg>
<status status="PASS" starttime="20230918 09:44:24.706" endtime="20230918 09:44:25.343"/>
</kw>
<status status="PASS" starttime="20230918 09:44:24.705" endtime="20230918 09:44:25.344"/>
</kw>
<kw name="Input Username">
<arg>porhong</arg>
<kw name="Input Text" library="SeleniumLibrary">
<arg>username</arg>
<arg>${username}</arg>
<doc>Types the given ``text`` into the text field identified by ``locator``.</doc>
<msg timestamp="20230918 09:44:25.392" level="INFO">Typing text 'porhong' into text field 'username'.</msg>
<status status="PASS" starttime="20230918 09:44:25.384" endtime="20230918 09:44:25.607"/>
</kw>
<status status="PASS" starttime="20230918 09:44:25.375" endtime="20230918 09:44:25.607"/>
</kw>
<kw name="Input Password">
<arg>123</arg>
<kw name="Input Text" library="SeleniumLibrary">
<arg>password</arg>
<arg>${password}</arg>
<doc>Types the given ``text`` into the text field identified by ``locator``.</doc>
<msg timestamp="20230918 09:44:25.611" level="INFO">Typing text '123' into text field 'password'.</msg>
<status status="PASS" starttime="20230918 09:44:25.609" endtime="20230918 09:44:25.748"/>
</kw>
<status status="PASS" starttime="20230918 09:44:25.608" endtime="20230918 09:44:25.749"/>
</kw>
<kw name="Click Login">
<kw name="Click Button" library="SeleniumLibrary">
<arg>login</arg>
<doc>Clicks the button identified by ``locator``.</doc>
<msg timestamp="20230918 09:44:25.751" level="INFO">Clicking button 'login'.</msg>
<status status="PASS" starttime="20230918 09:44:25.750" endtime="20230918 09:44:26.583"/>
</kw>
<status status="PASS" starttime="20230918 09:44:25.750" endtime="20230918 09:44:26.585"/>
</kw>
<kw name="Welcome Page Should Be Open">
<kw name="Title Should Be" library="SeleniumLibrary">
<arg>ALLWEB Recruitment Management System</arg>
<doc>Verifies that the current page title equals ``title``.</doc>
<msg timestamp="20230918 09:44:26.640" level="INFO">Page title is 'ALLWEB Recruitment Management System'.</msg>
<status status="PASS" starttime="20230918 09:44:26.593" endtime="20230918 09:44:26.643"/>
</kw>
<status status="PASS" starttime="20230918 09:44:26.592" endtime="20230918 09:44:26.645"/>
</kw>
<status status="PASS" starttime="20230918 09:44:18.927" endtime="20230918 09:44:26.657"/>
</test>
<doc>Login</doc>
<status status="PASS" starttime="20230918 09:44:18.607" endtime="20230918 09:44:26.671"/>
</suite>
<statistics>
<total>
<stat pass="1" fail="0" skip="0">All Tests</stat>
</total>
<tag>
</tag>
<suite>
<stat pass="1" fail="0" skip="0" id="s1" name="Login">Login</stat>
</suite>
</statistics>
<errors>
</errors>
</robot>
