<?xml version="1.0" encoding="UTF-8"?>
<robot generator="Robot 6.1.1 (Python 3.11.5 on win32)" generated="20230927 16:24:09.372" rpa="false" schemaversion="4">
<suite id="s1" name="Add user" source="d:\All Web\Robot Project\RMS\Administration\User\Add_user.robot">
<test id="s1-t1" name="Add user unsuccessfull" line="16">
<kw name="Valid Login" library="keywords">
<kw name="Open Browser" library="SeleniumLibrary">
<arg>${LOGIN URL}</arg>
<arg>${BROWSER}</arg>
<doc>Opens a new browser instance to the optional ``url``.</doc>
<msg timestamp="20230927 16:24:09.658" level="INFO">Opening browser 'chrome' to base url 'https://dev.allweb.com.kh/rms/'.</msg>
<status status="PASS" starttime="20230927 16:24:09.657" endtime="20230927 16:24:13.202"/>
</kw>
<kw name="Set Selenium Speed" library="SeleniumLibrary">
<arg>0.2 seconds</arg>
<doc>Sets the delay that is waited after each Selenium command.</doc>
<status status="PASS" starttime="20230927 16:24:13.202" endtime="20230927 16:24:13.203"/>
</kw>
<kw name="Maximize Browser Window" library="SeleniumLibrary">
<doc>Maximizes current browser window.</doc>
<status status="PASS" starttime="20230927 16:24:13.204" endtime="20230927 16:24:13.549"/>
</kw>
<kw name="Click Button" library="SeleniumLibrary">
<arg>LOGIN</arg>
<doc>Clicks the button identified by ``locator``.</doc>
<msg timestamp="20230927 16:24:13.551" level="INFO">Clicking button 'LOGIN'.</msg>
<status status="PASS" starttime="20230927 16:24:13.549" endtime="20230927 16:24:14.680"/>
</kw>
<kw name="Input Text" library="SeleniumLibrary">
<arg>username</arg>
<arg>${username}</arg>
<doc>Types the given ``text`` into the text field identified by ``locator``.</doc>
<msg timestamp="20230927 16:24:14.684" level="INFO">Typing text 'porhong' into text field 'username'.</msg>
<status status="PASS" starttime="20230927 16:24:14.681" endtime="20230927 16:24:15.426"/>
</kw>
<kw name="Input Text" library="SeleniumLibrary">
<arg>password</arg>
<arg>${password}</arg>
<doc>Types the given ``text`` into the text field identified by ``locator``.</doc>
<msg timestamp="20230927 16:24:15.428" level="INFO">Typing text '123' into text field 'password'.</msg>
<status status="PASS" starttime="20230927 16:24:15.427" endtime="20230927 16:24:16.174"/>
</kw>
<kw name="Click Button" library="SeleniumLibrary">
<arg>login</arg>
<doc>Clicks the button identified by ``locator``.</doc>
<msg timestamp="20230927 16:24:16.178" level="INFO">Clicking button 'login'.</msg>
<status status="PASS" starttime="20230927 16:24:16.176" endtime="20230927 16:24:17.479"/>
</kw>
<kw name="Title Should Be" library="SeleniumLibrary">
<arg>${Title_dashboard}</arg>
<doc>Verifies that the current page title equals ``title``.</doc>
<msg timestamp="20230927 16:24:18.646" level="INFO">Page title is 'ALLWEB Recruitment Management System'.</msg>
<status status="PASS" starttime="20230927 16:24:17.481" endtime="20230927 16:24:18.646"/>
</kw>
<status status="PASS" starttime="20230927 16:24:09.656" endtime="20230927 16:24:18.646"/>
</kw>
<kw name="Go to Admin" library="keywords">
<kw name="Click Button" library="SeleniumLibrary">
<arg>//button[@aria-label='Toggle Administration']</arg>
<doc>Clicks the button identified by ``locator``.</doc>
<msg timestamp="20230927 16:24:18.649" level="INFO">Clicking button '//button[@aria-label='Toggle Administration']'.</msg>
<status status="PASS" starttime="20230927 16:24:18.648" endtime="20230927 16:24:19.759"/>
</kw>
<kw name="Click Button" library="SeleniumLibrary">
<arg>//mat-tree-node[12]//button[1]</arg>
<doc>Clicks the button identified by ``locator``.</doc>
<msg timestamp="20230927 16:24:19.761" level="INFO">Clicking button '//mat-tree-node[12]//button[1]'.</msg>
<status status="PASS" starttime="20230927 16:24:19.760" endtime="20230927 16:24:20.882"/>
</kw>
<status status="PASS" starttime="20230927 16:24:18.647" endtime="20230927 16:24:20.882"/>
</kw>
<kw name="Add user" library="keywords">
<arg>porhong</arg>
<arg>keat</arg>
<arg>porhong</arg>
<arg>porhong@allweb.com.kh.kh</arg>
<arg>${password}</arg>
<kw name="Click Button" library="SeleniumLibrary">
<arg>//button[contains(@class,'mat-ripple aw-btn')]</arg>
<doc>Clicks the button identified by ``locator``.</doc>
<msg timestamp="20230927 16:24:20.886" level="INFO">Clicking button '//button[contains(@class,'mat-ripple aw-btn')]'.</msg>
<status status="PASS" starttime="20230927 16:24:20.885" endtime="20230927 16:24:22.103"/>
</kw>
<kw name="Input Text" library="SeleniumLibrary">
<arg>(//input[@id='mat-input-0'])[1]</arg>
<arg>${Username}</arg>
<doc>Types the given ``text`` into the text field identified by ``locator``.</doc>
<msg timestamp="20230927 16:24:22.105" level="INFO">Typing text 'porhong' into text field '(//input[@id='mat-input-0'])[1]'.</msg>
<status status="PASS" starttime="20230927 16:24:22.104" endtime="20230927 16:24:22.876"/>
</kw>
<kw name="Input Text" library="SeleniumLibrary">
<arg>(//input[@id='mat-input-1'])[1]</arg>
<arg>${Firstname}</arg>
<doc>Types the given ``text`` into the text field identified by ``locator``.</doc>
<msg timestamp="20230927 16:24:22.878" level="INFO">Typing text 'keat' into text field '(//input[@id='mat-input-1'])[1]'.</msg>
<status status="PASS" starttime="20230927 16:24:22.877" endtime="20230927 16:24:23.619"/>
</kw>
<kw name="Input Text" library="SeleniumLibrary">
<arg>(//input[@id='mat-input-2'])[1]</arg>
<arg>${Lastname}</arg>
<doc>Types the given ``text`` into the text field identified by ``locator``.</doc>
<msg timestamp="20230927 16:24:23.620" level="INFO">Typing text 'porhong' into text field '(//input[@id='mat-input-2'])[1]'.</msg>
<status status="PASS" starttime="20230927 16:24:23.619" endtime="20230927 16:24:24.367"/>
</kw>
<kw name="Input Text" library="SeleniumLibrary">
<arg>(//input[@id='mat-input-3'])[1]</arg>
<arg>${Email}</arg>
<doc>Types the given ``text`` into the text field identified by ``locator``.</doc>
<msg timestamp="20230927 16:24:24.371" level="INFO">Typing text 'porhong@allweb.com.kh.kh' into text field '(//input[@id='mat-input-3'])[1]'.</msg>
<status status="PASS" starttime="20230927 16:24:24.368" endtime="20230927 16:24:25.189"/>
</kw>
<kw name="Click Element" library="SeleniumLibrary">
<arg>//input[@formcontrolname='password']</arg>
<doc>Click the element identified by ``locator``.</doc>
<msg timestamp="20230927 16:24:25.193" level="INFO">Clicking element '//input[@formcontrolname='password']'.</msg>
<status status="PASS" starttime="20230927 16:24:25.190" endtime="20230927 16:24:25.688"/>
</kw>
<kw name="Input Password" library="SeleniumLibrary">
<arg>(//input[@id='mat-input-4'])[1]</arg>
<arg>${Password}</arg>
<doc>Types the given password into the text field identified by ``locator``.</doc>
<msg timestamp="20230927 16:24:25.690" level="INFO">Typing password into text field '(//input[@id='mat-input-4'])[1]'.</msg>
<msg timestamp="20230927 16:24:26.149" level="INFO">Temporally setting log level to: NONE</msg>
<msg timestamp="20230927 16:24:26.403" level="INFO">Log level changed from NONE to INFO.</msg>
<status status="PASS" starttime="20230927 16:24:25.689" endtime="20230927 16:24:26.404"/>
</kw>
<kw name="Input Password" library="SeleniumLibrary">
<arg>(//input[@id='mat-input-5'])[1]</arg>
<arg>${Password}</arg>
<doc>Types the given password into the text field identified by ``locator``.</doc>
<msg timestamp="20230927 16:24:26.407" level="INFO">Typing password into text field '(//input[@id='mat-input-5'])[1]'.</msg>
<msg timestamp="20230927 16:24:26.879" level="INFO">Temporally setting log level to: NONE</msg>
<msg timestamp="20230927 16:24:27.141" level="INFO">Log level changed from NONE to INFO.</msg>
<status status="PASS" starttime="20230927 16:24:26.404" endtime="20230927 16:24:27.142"/>
</kw>
<kw name="Click Button" library="SeleniumLibrary">
<arg>(//button[@type='submit'])[1]</arg>
<doc>Clicks the button identified by ``locator``.</doc>
<msg timestamp="20230927 16:24:27.144" level="INFO">Clicking button '(//button[@type='submit'])[1]'.</msg>
<status status="PASS" starttime="20230927 16:24:27.143" endtime="20230927 16:24:28.279"/>
</kw>
<status status="PASS" starttime="20230927 16:24:20.884" endtime="20230927 16:24:28.280"/>
</kw>
<kw name="Verify username existed" library="keywords">
<kw name="Get Text" library="SeleniumLibrary">
<var>${response}</var>
<arg>//mat-error[text()='Username already existed. ']</arg>
<doc>Returns the text value of the element identified by ``locator``.</doc>
<msg timestamp="20230927 16:24:28.742" level="INFO">${response} = Username already existed.</msg>
<status status="PASS" starttime="20230927 16:24:28.284" endtime="20230927 16:24:28.742"/>
</kw>
<kw name="Should Be Equal As Strings" library="BuiltIn">
<arg>${response}</arg>
<arg>Username already existed.</arg>
<doc>Fails if objects are unequal after converting them to strings.</doc>
<status status="PASS" starttime="20230927 16:24:28.742" endtime="20230927 16:24:28.743"/>
</kw>
<status status="PASS" starttime="20230927 16:24:28.282" endtime="20230927 16:24:28.743"/>
</kw>
<kw name="Back to Manage User" library="keywords">
<kw name="Go Back" library="SeleniumLibrary">
<doc>Simulates the user clicking the back button on their browser.</doc>
<status status="PASS" starttime="20230927 16:24:28.744" endtime="20230927 16:24:28.985"/>
</kw>
<kw name="Click Element" library="SeleniumLibrary">
<arg>(//button[@class='mat-ripple aw-btn d-flex flex-column align-items-center justify-content-center aw-btn-danger'])[1]</arg>
<doc>Click the element identified by ``locator``.</doc>
<msg timestamp="20230927 16:24:28.999" level="INFO">Clicking element '(//button[@class='mat-ripple aw-btn d-flex flex-column align-items-center justify-content-center aw-btn-danger'])[1]'.</msg>
<status status="PASS" starttime="20230927 16:24:28.987" endtime="20230927 16:24:29.579"/>
</kw>
<status status="PASS" starttime="20230927 16:24:28.743" endtime="20230927 16:24:29.581"/>
</kw>
<kw name="Close Browser" library="SeleniumLibrary">
<doc>Closes the current browser.</doc>
<status status="PASS" starttime="20230927 16:24:29.591" endtime="20230927 16:24:32.464"/>
</kw>
<status status="PASS" starttime="20230927 16:24:09.655" endtime="20230927 16:24:32.465"/>
</test>
<doc>Add User</doc>
<status status="PASS" starttime="20230927 16:24:09.377" endtime="20230927 16:24:32.468"/>
</suite>
<statistics>
<total>
<stat pass="1" fail="0" skip="0">All Tests</stat>
</total>
<tag>
</tag>
<suite>
<stat pass="1" fail="0" skip="0" id="s1" name="Add user">Add user</stat>
</suite>
</statistics>
<errors>
</errors>
</robot>
