<?xml version="1.0" encoding="UTF-8"?>
<robot generator="Robot 6.1.1 (Python 3.11.5 on win32)" generated="20230927 17:13:35.473" rpa="false" schemaversion="4">
<suite id="s1" name="Add User" source="d:\All Web\Robot Project\RMS\administration\user\add_user.robot">
<test id="s1-t1" name="Add user successfull Set disactive" line="9">
<kw name="Valid Login" library="keywords">
<kw name="Open Browser" library="SeleniumLibrary">
<arg>${LOGIN URL}</arg>
<arg>${BROWSER}</arg>
<doc>Opens a new browser instance to the optional ``url``.</doc>
<msg timestamp="20230927 17:13:35.759" level="INFO">Opening browser 'chrome' to base url 'https://dev.allweb.com.kh/rms/'.</msg>
<status status="PASS" starttime="20230927 17:13:35.757" endtime="20230927 17:13:39.383"/>
</kw>
<kw name="Set Selenium Speed" library="SeleniumLibrary">
<arg>0.2 seconds</arg>
<doc>Sets the delay that is waited after each Selenium command.</doc>
<status status="PASS" starttime="20230927 17:13:39.384" endtime="20230927 17:13:39.385"/>
</kw>
<kw name="Maximize Browser Window" library="SeleniumLibrary">
<doc>Maximizes current browser window.</doc>
<status status="PASS" starttime="20230927 17:13:39.385" endtime="20230927 17:13:39.739"/>
</kw>
<kw name="Click Button" library="SeleniumLibrary">
<arg>LOGIN</arg>
<doc>Clicks the button identified by ``locator``.</doc>
<msg timestamp="20230927 17:13:39.741" level="INFO">Clicking button 'LOGIN'.</msg>
<status status="PASS" starttime="20230927 17:13:39.739" endtime="20230927 17:13:40.928"/>
</kw>
<kw name="Input Text" library="SeleniumLibrary">
<arg>username</arg>
<arg>${username}</arg>
<doc>Types the given ``text`` into the text field identified by ``locator``.</doc>
<msg timestamp="20230927 17:13:40.929" level="INFO">Typing text 'porhong' into text field 'username'.</msg>
<status status="PASS" starttime="20230927 17:13:40.928" endtime="20230927 17:13:41.642"/>
</kw>
<kw name="Input Text" library="SeleniumLibrary">
<arg>password</arg>
<arg>${password}</arg>
<doc>Types the given ``text`` into the text field identified by ``locator``.</doc>
<msg timestamp="20230927 17:13:41.645" level="INFO">Typing text '123' into text field 'password'.</msg>
<status status="PASS" starttime="20230927 17:13:41.643" endtime="20230927 17:13:42.404"/>
</kw>
<kw name="Click Button" library="SeleniumLibrary">
<arg>login</arg>
<doc>Clicks the button identified by ``locator``.</doc>
<msg timestamp="20230927 17:13:42.407" level="INFO">Clicking button 'login'.</msg>
<status status="PASS" starttime="20230927 17:13:42.405" endtime="20230927 17:13:43.759"/>
</kw>
<kw name="Title Should Be" library="SeleniumLibrary">
<arg>${Title_dashboard}</arg>
<doc>Verifies that the current page title equals ``title``.</doc>
<msg timestamp="20230927 17:13:44.684" level="INFO">Page title is 'ALLWEB Recruitment Management System'.</msg>
<status status="PASS" starttime="20230927 17:13:43.759" endtime="20230927 17:13:44.687"/>
</kw>
<status status="PASS" starttime="20230927 17:13:35.756" endtime="20230927 17:13:44.689"/>
</kw>
<kw name="Go to Admin" library="keywords">
<kw name="Click Button" library="SeleniumLibrary">
<arg>//button[@aria-label='Toggle Administration']</arg>
<doc>Clicks the button identified by ``locator``.</doc>
<msg timestamp="20230927 17:13:44.699" level="INFO">Clicking button '//button[@aria-label='Toggle Administration']'.</msg>
<status status="PASS" starttime="20230927 17:13:44.697" endtime="20230927 17:13:45.846"/>
</kw>
<kw name="Click Button" library="SeleniumLibrary">
<arg>//mat-tree-node[12]//button[1]</arg>
<doc>Clicks the button identified by ``locator``.</doc>
<msg timestamp="20230927 17:13:45.848" level="INFO">Clicking button '//mat-tree-node[12]//button[1]'.</msg>
<status status="PASS" starttime="20230927 17:13:45.847" endtime="20230927 17:13:46.972"/>
</kw>
<status status="PASS" starttime="20230927 17:13:44.695" endtime="20230927 17:13:46.973"/>
</kw>
<kw name="Add user disactive" library="keywords">
<arg>${Username1}</arg>
<arg>${Firstname1}</arg>
<arg>${Lastname1}</arg>
<arg>${Email1}</arg>
<arg>${password}</arg>
<kw name="Click Button" library="SeleniumLibrary">
<arg>//button[contains(@class,'mat-ripple aw-btn')]</arg>
<doc>Clicks the button identified by ``locator``.</doc>
<msg timestamp="20230927 17:13:46.981" level="INFO">Clicking button '//button[contains(@class,'mat-ripple aw-btn')]'.</msg>
<status status="PASS" starttime="20230927 17:13:46.980" endtime="20230927 17:13:48.192"/>
</kw>
<kw name="Input Text" library="SeleniumLibrary">
<arg>(//input[@id='mat-input-0'])[1]</arg>
<arg>${Username}</arg>
<doc>Types the given ``text`` into the text field identified by ``locator``.</doc>
<msg timestamp="20230927 17:13:48.193" level="INFO">Typing text 'Alex' into text field '(//input[@id='mat-input-0'])[1]'.</msg>
<status status="PASS" starttime="20230927 17:13:48.192" endtime="20230927 17:13:48.909"/>
</kw>
<kw name="Input Text" library="SeleniumLibrary">
<arg>(//input[@id='mat-input-1'])[1]</arg>
<arg>${Firstname}</arg>
<doc>Types the given ``text`` into the text field identified by ``locator``.</doc>
<msg timestamp="20230927 17:13:48.910" level="INFO">Typing text 'Alex' into text field '(//input[@id='mat-input-1'])[1]'.</msg>
<status status="PASS" starttime="20230927 17:13:48.909" endtime="20230927 17:13:49.634"/>
</kw>
<kw name="Input Text" library="SeleniumLibrary">
<arg>(//input[@id='mat-input-2'])[1]</arg>
<arg>${Lastname}</arg>
<doc>Types the given ``text`` into the text field identified by ``locator``.</doc>
<msg timestamp="20230927 17:13:49.635" level="INFO">Typing text 'Tester' into text field '(//input[@id='mat-input-2'])[1]'.</msg>
<status status="PASS" starttime="20230927 17:13:49.634" endtime="20230927 17:13:50.377"/>
</kw>
<kw name="Input Text" library="SeleniumLibrary">
<arg>(//input[@id='mat-input-3'])[1]</arg>
<arg>${Email}</arg>
<doc>Types the given ``text`` into the text field identified by ``locator``.</doc>
<msg timestamp="20230927 17:13:50.380" level="INFO">Typing text 'Alextester@mail.com' into text field '(//input[@id='mat-input-3'])[1]'.</msg>
<status status="PASS" starttime="20230927 17:13:50.378" endtime="20230927 17:13:51.201"/>
</kw>
<kw name="Click Element" library="SeleniumLibrary">
<arg>//input[@formcontrolname='password']</arg>
<doc>Click the element identified by ``locator``.</doc>
<msg timestamp="20230927 17:13:51.202" level="INFO">Clicking element '//input[@formcontrolname='password']'.</msg>
<status status="PASS" starttime="20230927 17:13:51.201" endtime="20230927 17:13:51.681"/>
</kw>
<kw name="Input Password" library="SeleniumLibrary">
<arg>(//input[@id='mat-input-4'])[1]</arg>
<arg>${Password}</arg>
<doc>Types the given password into the text field identified by ``locator``.</doc>
<msg timestamp="20230927 17:13:51.682" level="INFO">Typing password into text field '(//input[@id='mat-input-4'])[1]'.</msg>
<msg timestamp="20230927 17:13:52.131" level="INFO">Temporally setting log level to: NONE</msg>
<msg timestamp="20230927 17:13:52.394" level="INFO">Log level changed from NONE to INFO.</msg>
<status status="PASS" starttime="20230927 17:13:51.681" endtime="20230927 17:13:52.395"/>
</kw>
<kw name="Input Password" library="SeleniumLibrary">
<arg>(//input[@id='mat-input-5'])[1]</arg>
<arg>${Password}</arg>
<doc>Types the given password into the text field identified by ``locator``.</doc>
<msg timestamp="20230927 17:13:52.400" level="INFO">Typing password into text field '(//input[@id='mat-input-5'])[1]'.</msg>
<msg timestamp="20230927 17:13:52.874" level="INFO">Temporally setting log level to: NONE</msg>
<msg timestamp="20230927 17:13:53.156" level="INFO">Log level changed from NONE to INFO.</msg>
<status status="PASS" starttime="20230927 17:13:52.396" endtime="20230927 17:13:53.156"/>
</kw>
<kw name="Click Element" library="SeleniumLibrary">
<arg>(//span[@class='mat-slide-toggle-content'])[1]</arg>
<doc>Click the element identified by ``locator``.</doc>
<msg timestamp="20230927 17:13:53.158" level="INFO">Clicking element '(//span[@class='mat-slide-toggle-content'])[1]'.</msg>
<status status="PASS" starttime="20230927 17:13:53.157" endtime="20230927 17:13:53.638"/>
</kw>
<kw name="Click Button" library="SeleniumLibrary">
<arg>(//button[@type='submit'])[1]</arg>
<doc>Clicks the button identified by ``locator``.</doc>
<msg timestamp="20230927 17:13:53.639" level="INFO">Clicking button '(//button[@type='submit'])[1]'.</msg>
<status status="PASS" starttime="20230927 17:13:53.638" endtime="20230927 17:13:54.741"/>
</kw>
<status status="PASS" starttime="20230927 17:13:46.975" endtime="20230927 17:13:54.741"/>
</kw>
<kw name="Verify" library="keywords">
<arg>(//div[@class='message'])[1]</arg>
<arg>Create user successfully.</arg>
<kw name="Sleep" library="BuiltIn">
<arg>3s</arg>
<doc>Pauses the test executed for the given time.</doc>
<msg timestamp="20230927 17:13:57.743" level="INFO">Slept 3 seconds</msg>
<status status="PASS" starttime="20230927 17:13:54.743" endtime="20230927 17:13:57.743"/>
</kw>
<kw name="Get Text" library="SeleniumLibrary">
<var>${response}</var>
<arg>${xpath}</arg>
<doc>Returns the text value of the element identified by ``locator``.</doc>
<msg timestamp="20230927 17:13:58.176" level="INFO">${response} = Create user successfully.</msg>
<status status="PASS" starttime="20230927 17:13:57.743" endtime="20230927 17:13:58.176"/>
</kw>
<kw name="Should Be Equal As Strings" library="BuiltIn">
<arg>${response}</arg>
<arg>${result}</arg>
<doc>Fails if objects are unequal after converting them to strings.</doc>
<status status="PASS" starttime="20230927 17:13:58.176" endtime="20230927 17:13:58.177"/>
</kw>
<status status="PASS" starttime="20230927 17:13:54.742" endtime="20230927 17:13:58.177"/>
</kw>
<kw name="Delete User" library="keywords">
<kw name="Click Element" library="SeleniumLibrary">
<arg>(//mat-icon[@role='img'][normalize-space()='more_vert'])[1]</arg>
<doc>Click the element identified by ``locator``.</doc>
<msg timestamp="20230927 17:13:58.179" level="INFO">Clicking element '(//mat-icon[@role='img'][normalize-space()='more_vert'])[1]'.</msg>
<status status="PASS" starttime="20230927 17:13:58.179" endtime="20230927 17:13:58.667"/>
</kw>
<kw name="Click Element" library="SeleniumLibrary">
<arg>(//div[@class='d-flex flex-row justify-content-start align-items-center'])[1]</arg>
<doc>Click the element identified by ``locator``.</doc>
<msg timestamp="20230927 17:13:58.669" level="INFO">Clicking element '(//div[@class='d-flex flex-row justify-content-start align-items-center'])[1]'.</msg>
<status status="PASS" starttime="20230927 17:13:58.668" endtime="20230927 17:13:59.186"/>
</kw>
<kw name="Click Element" library="SeleniumLibrary">
<arg>(//button[@class='mat-ripple aw-btn d-flex flex-column align-items-center justify-content-center aw-btn-danger'])[1]</arg>
<doc>Click the element identified by ``locator``.</doc>
<msg timestamp="20230927 17:13:59.192" level="INFO">Clicking element '(//button[@class='mat-ripple aw-btn d-flex flex-column align-items-center justify-content-center aw-btn-danger'])[1]'.</msg>
<status status="PASS" starttime="20230927 17:13:59.187" endtime="20230927 17:13:59.795"/>
</kw>
<status status="PASS" starttime="20230927 17:13:58.178" endtime="20230927 17:13:59.797"/>
</kw>
<kw name="Verify" library="keywords">
<arg>(//div[@class='message'])[1]</arg>
<arg>Delete user successfully</arg>
<kw name="Sleep" library="BuiltIn">
<arg>3s</arg>
<doc>Pauses the test executed for the given time.</doc>
<msg timestamp="20230927 17:14:02.811" level="INFO">Slept 3 seconds</msg>
<status status="PASS" starttime="20230927 17:13:59.808" endtime="20230927 17:14:02.811"/>
</kw>
<kw name="Get Text" library="SeleniumLibrary">
<var>${response}</var>
<arg>${xpath}</arg>
<doc>Returns the text value of the element identified by ``locator``.</doc>
<msg timestamp="20230927 17:14:03.253" level="INFO">${response} = Delete user successfully</msg>
<status status="PASS" starttime="20230927 17:14:02.812" endtime="20230927 17:14:03.253"/>
</kw>
<kw name="Should Be Equal As Strings" library="BuiltIn">
<arg>${response}</arg>
<arg>${result}</arg>
<doc>Fails if objects are unequal after converting them to strings.</doc>
<status status="PASS" starttime="20230927 17:14:03.257" endtime="20230927 17:14:03.259"/>
</kw>
<status status="PASS" starttime="20230927 17:13:59.805" endtime="20230927 17:14:03.260"/>
</kw>
<kw name="Close Browser" library="SeleniumLibrary">
<doc>Closes the current browser.</doc>
<status status="PASS" starttime="20230927 17:14:03.263" endtime="20230927 17:14:05.747"/>
</kw>
<status status="PASS" starttime="20230927 17:13:35.755" endtime="20230927 17:14:05.749"/>
</test>
<test id="s1-t2" name="Add user successfull" line="18">
<kw name="Valid Login" library="keywords">
<kw name="Open Browser" library="SeleniumLibrary">
<arg>${LOGIN URL}</arg>
<arg>${BROWSER}</arg>
<doc>Opens a new browser instance to the optional ``url``.</doc>
<msg timestamp="20230927 17:14:05.755" level="INFO">Opening browser 'chrome' to base url 'https://dev.allweb.com.kh/rms/'.</msg>
<status status="PASS" starttime="20230927 17:14:05.754" endtime="20230927 17:14:09.370"/>
</kw>
<kw name="Set Selenium Speed" library="SeleniumLibrary">
<arg>0.2 seconds</arg>
<doc>Sets the delay that is waited after each Selenium command.</doc>
<status status="PASS" starttime="20230927 17:14:09.370" endtime="20230927 17:14:09.371"/>
</kw>
<kw name="Maximize Browser Window" library="SeleniumLibrary">
<doc>Maximizes current browser window.</doc>
<status status="PASS" starttime="20230927 17:14:09.371" endtime="20230927 17:14:09.904"/>
</kw>
<kw name="Click Button" library="SeleniumLibrary">
<arg>LOGIN</arg>
<doc>Clicks the button identified by ``locator``.</doc>
<msg timestamp="20230927 17:14:09.905" level="INFO">Clicking button 'LOGIN'.</msg>
<status status="PASS" starttime="20230927 17:14:09.904" endtime="20230927 17:14:11.257"/>
</kw>
<kw name="Input Text" library="SeleniumLibrary">
<arg>username</arg>
<arg>${username}</arg>
<doc>Types the given ``text`` into the text field identified by ``locator``.</doc>
<msg timestamp="20230927 17:14:11.259" level="INFO">Typing text 'porhong' into text field 'username'.</msg>
<status status="PASS" starttime="20230927 17:14:11.257" endtime="20230927 17:14:11.962"/>
</kw>
<kw name="Input Text" library="SeleniumLibrary">
<arg>password</arg>
<arg>${password}</arg>
<doc>Types the given ``text`` into the text field identified by ``locator``.</doc>
<msg timestamp="20230927 17:14:11.962" level="INFO">Typing text '123' into text field 'password'.</msg>
<status status="PASS" starttime="20230927 17:14:11.962" endtime="20230927 17:14:12.671"/>
</kw>
<kw name="Click Button" library="SeleniumLibrary">
<arg>login</arg>
<doc>Clicks the button identified by ``locator``.</doc>
<msg timestamp="20230927 17:14:12.672" level="INFO">Clicking button 'login'.</msg>
<status status="PASS" starttime="20230927 17:14:12.671" endtime="20230927 17:14:14.008"/>
</kw>
<kw name="Title Should Be" library="SeleniumLibrary">
<arg>${Title_dashboard}</arg>
<doc>Verifies that the current page title equals ``title``.</doc>
<msg timestamp="20230927 17:14:15.007" level="INFO">Page title is 'ALLWEB Recruitment Management System'.</msg>
<status status="PASS" starttime="20230927 17:14:14.008" endtime="20230927 17:14:15.010"/>
</kw>
<status status="PASS" starttime="20230927 17:14:05.753" endtime="20230927 17:14:15.011"/>
</kw>
<kw name="Go to Admin" library="keywords">
<kw name="Click Button" library="SeleniumLibrary">
<arg>//button[@aria-label='Toggle Administration']</arg>
<doc>Clicks the button identified by ``locator``.</doc>
<msg timestamp="20230927 17:14:15.019" level="INFO">Clicking button '//button[@aria-label='Toggle Administration']'.</msg>
<status status="PASS" starttime="20230927 17:14:15.016" endtime="20230927 17:14:16.184"/>
</kw>
<kw name="Click Button" library="SeleniumLibrary">
<arg>//mat-tree-node[12]//button[1]</arg>
<doc>Clicks the button identified by ``locator``.</doc>
<msg timestamp="20230927 17:14:16.186" level="INFO">Clicking button '//mat-tree-node[12]//button[1]'.</msg>
<status status="PASS" starttime="20230927 17:14:16.185" endtime="20230927 17:14:17.285"/>
</kw>
<status status="PASS" starttime="20230927 17:14:15.013" endtime="20230927 17:14:17.290"/>
</kw>
<kw name="Add user" library="keywords">
<arg>${Username1}</arg>
<arg>${Firstname1}</arg>
<arg>${Lastname1}</arg>
<arg>${Email1}</arg>
<arg>${password}</arg>
<kw name="Click Button" library="SeleniumLibrary">
<arg>//button[contains(@class,'mat-ripple aw-btn')]</arg>
<doc>Clicks the button identified by ``locator``.</doc>
<msg timestamp="20230927 17:14:17.300" level="INFO">Clicking button '//button[contains(@class,'mat-ripple aw-btn')]'.</msg>
<status status="PASS" starttime="20230927 17:14:17.299" endtime="20230927 17:14:18.562"/>
</kw>
<kw name="Input Text" library="SeleniumLibrary">
<arg>(//input[@id='mat-input-0'])[1]</arg>
<arg>${Username}</arg>
<doc>Types the given ``text`` into the text field identified by ``locator``.</doc>
<msg timestamp="20230927 17:14:18.563" level="INFO">Typing text 'Alex' into text field '(//input[@id='mat-input-0'])[1]'.</msg>
<status status="PASS" starttime="20230927 17:14:18.562" endtime="20230927 17:14:19.301"/>
</kw>
<kw name="Input Text" library="SeleniumLibrary">
<arg>(//input[@id='mat-input-1'])[1]</arg>
<arg>${Firstname}</arg>
<doc>Types the given ``text`` into the text field identified by ``locator``.</doc>
<msg timestamp="20230927 17:14:19.305" level="INFO">Typing text 'Alex' into text field '(//input[@id='mat-input-1'])[1]'.</msg>
<status status="PASS" starttime="20230927 17:14:19.303" endtime="20230927 17:14:20.077"/>
</kw>
<kw name="Input Text" library="SeleniumLibrary">
<arg>(//input[@id='mat-input-2'])[1]</arg>
<arg>${Lastname}</arg>
<doc>Types the given ``text`` into the text field identified by ``locator``.</doc>
<msg timestamp="20230927 17:14:20.082" level="INFO">Typing text 'Tester' into text field '(//input[@id='mat-input-2'])[1]'.</msg>
<status status="PASS" starttime="20230927 17:14:20.079" endtime="20230927 17:14:20.852"/>
</kw>
<kw name="Input Text" library="SeleniumLibrary">
<arg>(//input[@id='mat-input-3'])[1]</arg>
<arg>${Email}</arg>
<doc>Types the given ``text`` into the text field identified by ``locator``.</doc>
<msg timestamp="20230927 17:14:20.858" level="INFO">Typing text 'Alextester@mail.com' into text field '(//input[@id='mat-input-3'])[1]'.</msg>
<status status="PASS" starttime="20230927 17:14:20.853" endtime="20230927 17:14:21.670"/>
</kw>
<kw name="Click Element" library="SeleniumLibrary">
<arg>//input[@formcontrolname='password']</arg>
<doc>Click the element identified by ``locator``.</doc>
<msg timestamp="20230927 17:14:21.671" level="INFO">Clicking element '//input[@formcontrolname='password']'.</msg>
<status status="PASS" starttime="20230927 17:14:21.670" endtime="20230927 17:14:22.163"/>
</kw>
<kw name="Input Password" library="SeleniumLibrary">
<arg>(//input[@id='mat-input-4'])[1]</arg>
<arg>${Password}</arg>
<doc>Types the given password into the text field identified by ``locator``.</doc>
<msg timestamp="20230927 17:14:22.166" level="INFO">Typing password into text field '(//input[@id='mat-input-4'])[1]'.</msg>
<msg timestamp="20230927 17:14:22.632" level="INFO">Temporally setting log level to: NONE</msg>
<msg timestamp="20230927 17:14:22.874" level="INFO">Log level changed from NONE to INFO.</msg>
<status status="PASS" starttime="20230927 17:14:22.164" endtime="20230927 17:14:22.875"/>
</kw>
<kw name="Input Password" library="SeleniumLibrary">
<arg>(//input[@id='mat-input-5'])[1]</arg>
<arg>${Password}</arg>
<doc>Types the given password into the text field identified by ``locator``.</doc>
<msg timestamp="20230927 17:14:22.879" level="INFO">Typing password into text field '(//input[@id='mat-input-5'])[1]'.</msg>
<msg timestamp="20230927 17:14:23.336" level="INFO">Temporally setting log level to: NONE</msg>
<msg timestamp="20230927 17:14:23.602" level="INFO">Log level changed from NONE to INFO.</msg>
<status status="PASS" starttime="20230927 17:14:22.877" endtime="20230927 17:14:23.602"/>
</kw>
<kw name="Click Button" library="SeleniumLibrary">
<arg>(//button[@type='submit'])[1]</arg>
<doc>Clicks the button identified by ``locator``.</doc>
<msg timestamp="20230927 17:14:23.603" level="INFO">Clicking button '(//button[@type='submit'])[1]'.</msg>
<status status="PASS" starttime="20230927 17:14:23.602" endtime="20230927 17:14:24.716"/>
</kw>
<status status="PASS" starttime="20230927 17:14:17.295" endtime="20230927 17:14:24.716"/>
</kw>
<kw name="Sleep" library="BuiltIn">
<arg>1s</arg>
<doc>Pauses the test executed for the given time.</doc>
<msg timestamp="20230927 17:14:25.718" level="INFO">Slept 1 second</msg>
<status status="PASS" starttime="20230927 17:14:24.717" endtime="20230927 17:14:25.719"/>
</kw>
<kw name="Verify" library="keywords">
<arg>(//div[@class='message'])[1]</arg>
<arg>Create user successfully.</arg>
<kw name="Sleep" library="BuiltIn">
<arg>3s</arg>
<doc>Pauses the test executed for the given time.</doc>
<msg timestamp="20230927 17:14:28.721" level="INFO">Slept 3 seconds</msg>
<status status="PASS" starttime="20230927 17:14:25.720" endtime="20230927 17:14:28.721"/>
</kw>
<kw name="Get Text" library="SeleniumLibrary">
<var>${response}</var>
<arg>${xpath}</arg>
<doc>Returns the text value of the element identified by ``locator``.</doc>
<msg timestamp="20230927 17:14:29.153" level="INFO">${response} = Create user successfully.</msg>
<status status="PASS" starttime="20230927 17:14:28.721" endtime="20230927 17:14:29.154"/>
</kw>
<kw name="Should Be Equal As Strings" library="BuiltIn">
<arg>${response}</arg>
<arg>${result}</arg>
<doc>Fails if objects are unequal after converting them to strings.</doc>
<status status="PASS" starttime="20230927 17:14:29.156" endtime="20230927 17:14:29.158"/>
</kw>
<status status="PASS" starttime="20230927 17:14:25.719" endtime="20230927 17:14:29.160"/>
</kw>
<kw name="Delete User" library="keywords">
<kw name="Click Element" library="SeleniumLibrary">
<arg>(//mat-icon[@role='img'][normalize-space()='more_vert'])[1]</arg>
<doc>Click the element identified by ``locator``.</doc>
<msg timestamp="20230927 17:14:29.170" level="INFO">Clicking element '(//mat-icon[@role='img'][normalize-space()='more_vert'])[1]'.</msg>
<status status="PASS" starttime="20230927 17:14:29.164" endtime="20230927 17:14:29.668"/>
</kw>
<kw name="Click Element" library="SeleniumLibrary">
<arg>(//div[@class='d-flex flex-row justify-content-start align-items-center'])[1]</arg>
<doc>Click the element identified by ``locator``.</doc>
<msg timestamp="20230927 17:14:29.673" level="INFO">Clicking element '(//div[@class='d-flex flex-row justify-content-start align-items-center'])[1]'.</msg>
<status status="PASS" starttime="20230927 17:14:29.670" endtime="20230927 17:14:30.257"/>
</kw>
<kw name="Click Element" library="SeleniumLibrary">
<arg>(//button[@class='mat-ripple aw-btn d-flex flex-column align-items-center justify-content-center aw-btn-danger'])[1]</arg>
<doc>Click the element identified by ``locator``.</doc>
<msg timestamp="20230927 17:14:30.272" level="INFO">Clicking element '(//button[@class='mat-ripple aw-btn d-flex flex-column align-items-center justify-content-center aw-btn-danger'])[1]'.</msg>
<status status="PASS" starttime="20230927 17:14:30.259" endtime="20230927 17:14:30.889"/>
</kw>
<status status="PASS" starttime="20230927 17:14:29.162" endtime="20230927 17:14:30.892"/>
</kw>
<kw name="Verify" library="keywords">
<arg>(//div[@class='message'])[1]</arg>
<arg>Delete user successfully</arg>
<kw name="Sleep" library="BuiltIn">
<arg>3s</arg>
<doc>Pauses the test executed for the given time.</doc>
<msg timestamp="20230927 17:14:33.911" level="INFO">Slept 3 seconds</msg>
<status status="PASS" starttime="20230927 17:14:30.905" endtime="20230927 17:14:33.912"/>
</kw>
<kw name="Get Text" library="SeleniumLibrary">
<var>${response}</var>
<arg>${xpath}</arg>
<doc>Returns the text value of the element identified by ``locator``.</doc>
<msg timestamp="20230927 17:14:34.363" level="INFO">${response} = Delete user successfully</msg>
<status status="PASS" starttime="20230927 17:14:33.913" endtime="20230927 17:14:34.364"/>
</kw>
<kw name="Should Be Equal As Strings" library="BuiltIn">
<arg>${response}</arg>
<arg>${result}</arg>
<doc>Fails if objects are unequal after converting them to strings.</doc>
<status status="PASS" starttime="20230927 17:14:34.365" endtime="20230927 17:14:34.367"/>
</kw>
<status status="PASS" starttime="20230927 17:14:30.898" endtime="20230927 17:14:34.368"/>
</kw>
<kw name="Close Browser" library="SeleniumLibrary">
<doc>Closes the current browser.</doc>
<status status="PASS" starttime="20230927 17:14:34.372" endtime="20230927 17:14:36.889"/>
</kw>
<status status="PASS" starttime="20230927 17:14:05.751" endtime="20230927 17:14:36.891"/>
</test>
<test id="s1-t3" name="Add user unsuccessfull" line="28">
<kw name="Valid Login" library="keywords">
<kw name="Open Browser" library="SeleniumLibrary">
<arg>${LOGIN URL}</arg>
<arg>${BROWSER}</arg>
<doc>Opens a new browser instance to the optional ``url``.</doc>
<msg timestamp="20230927 17:14:36.894" level="INFO">Opening browser 'chrome' to base url 'https://dev.allweb.com.kh/rms/'.</msg>
<status status="PASS" starttime="20230927 17:14:36.893" endtime="20230927 17:14:40.966"/>
</kw>
<kw name="Set Selenium Speed" library="SeleniumLibrary">
<arg>0.2 seconds</arg>
<doc>Sets the delay that is waited after each Selenium command.</doc>
<status status="PASS" starttime="20230927 17:14:40.966" endtime="20230927 17:14:40.967"/>
</kw>
<kw name="Maximize Browser Window" library="SeleniumLibrary">
<doc>Maximizes current browser window.</doc>
<status status="PASS" starttime="20230927 17:14:40.967" endtime="20230927 17:14:41.309"/>
</kw>
<kw name="Click Button" library="SeleniumLibrary">
<arg>LOGIN</arg>
<doc>Clicks the button identified by ``locator``.</doc>
<msg timestamp="20230927 17:14:41.309" level="INFO">Clicking button 'LOGIN'.</msg>
<status status="PASS" starttime="20230927 17:14:41.309" endtime="20230927 17:14:42.628"/>
</kw>
<kw name="Input Text" library="SeleniumLibrary">
<arg>username</arg>
<arg>${username}</arg>
<doc>Types the given ``text`` into the text field identified by ``locator``.</doc>
<msg timestamp="20230927 17:14:42.635" level="INFO">Typing text 'porhong' into text field 'username'.</msg>
<status status="PASS" starttime="20230927 17:14:42.632" endtime="20230927 17:14:43.346"/>
</kw>
<kw name="Input Text" library="SeleniumLibrary">
<arg>password</arg>
<arg>${password}</arg>
<doc>Types the given ``text`` into the text field identified by ``locator``.</doc>
<msg timestamp="20230927 17:14:43.348" level="INFO">Typing text '123' into text field 'password'.</msg>
<status status="PASS" starttime="20230927 17:14:43.346" endtime="20230927 17:14:44.080"/>
</kw>
<kw name="Click Button" library="SeleniumLibrary">
<arg>login</arg>
<doc>Clicks the button identified by ``locator``.</doc>
<msg timestamp="20230927 17:14:44.086" level="INFO">Clicking button 'login'.</msg>
<status status="PASS" starttime="20230927 17:14:44.082" endtime="20230927 17:14:45.514"/>
</kw>
<kw name="Title Should Be" library="SeleniumLibrary">
<arg>${Title_dashboard}</arg>
<doc>Verifies that the current page title equals ``title``.</doc>
<msg timestamp="20230927 17:14:46.482" level="INFO">Page title is 'ALLWEB Recruitment Management System'.</msg>
<status status="PASS" starttime="20230927 17:14:45.514" endtime="20230927 17:14:46.486"/>
</kw>
<status status="PASS" starttime="20230927 17:14:36.893" endtime="20230927 17:14:46.488"/>
</kw>
<kw name="Go to Admin" library="keywords">
<kw name="Click Button" library="SeleniumLibrary">
<arg>//button[@aria-label='Toggle Administration']</arg>
<doc>Clicks the button identified by ``locator``.</doc>
<msg timestamp="20230927 17:14:46.514" level="INFO">Clicking button '//button[@aria-label='Toggle Administration']'.</msg>
<status status="PASS" starttime="20230927 17:14:46.512" endtime="20230927 17:14:47.672"/>
</kw>
<kw name="Click Button" library="SeleniumLibrary">
<arg>//mat-tree-node[12]//button[1]</arg>
<doc>Clicks the button identified by ``locator``.</doc>
<msg timestamp="20230927 17:14:47.674" level="INFO">Clicking button '//mat-tree-node[12]//button[1]'.</msg>
<status status="PASS" starttime="20230927 17:14:47.672" endtime="20230927 17:14:48.813"/>
</kw>
<status status="PASS" starttime="20230927 17:14:46.511" endtime="20230927 17:14:48.815"/>
</kw>
<kw name="Add user" library="keywords">
<arg>porhong</arg>
<arg>keat</arg>
<arg>porhong</arg>
<arg>porhong@allweb.com.kh.kh</arg>
<arg>${password}</arg>
<kw name="Click Button" library="SeleniumLibrary">
<arg>//button[contains(@class,'mat-ripple aw-btn')]</arg>
<doc>Clicks the button identified by ``locator``.</doc>
<msg timestamp="20230927 17:14:48.819" level="INFO">Clicking button '//button[contains(@class,'mat-ripple aw-btn')]'.</msg>
<status status="PASS" starttime="20230927 17:14:48.817" endtime="20230927 17:14:50.057"/>
</kw>
<kw name="Input Text" library="SeleniumLibrary">
<arg>(//input[@id='mat-input-0'])[1]</arg>
<arg>${Username}</arg>
<doc>Types the given ``text`` into the text field identified by ``locator``.</doc>
<msg timestamp="20230927 17:14:50.061" level="INFO">Typing text 'porhong' into text field '(//input[@id='mat-input-0'])[1]'.</msg>
<status status="PASS" starttime="20230927 17:14:50.059" endtime="20230927 17:14:50.826"/>
</kw>
<kw name="Input Text" library="SeleniumLibrary">
<arg>(//input[@id='mat-input-1'])[1]</arg>
<arg>${Firstname}</arg>
<doc>Types the given ``text`` into the text field identified by ``locator``.</doc>
<msg timestamp="20230927 17:14:50.827" level="INFO">Typing text 'keat' into text field '(//input[@id='mat-input-1'])[1]'.</msg>
<status status="PASS" starttime="20230927 17:14:50.826" endtime="20230927 17:14:51.552"/>
</kw>
<kw name="Input Text" library="SeleniumLibrary">
<arg>(//input[@id='mat-input-2'])[1]</arg>
<arg>${Lastname}</arg>
<doc>Types the given ``text`` into the text field identified by ``locator``.</doc>
<msg timestamp="20230927 17:14:51.559" level="INFO">Typing text 'porhong' into text field '(//input[@id='mat-input-2'])[1]'.</msg>
<status status="PASS" starttime="20230927 17:14:51.554" endtime="20230927 17:14:52.318"/>
</kw>
<kw name="Input Text" library="SeleniumLibrary">
<arg>(//input[@id='mat-input-3'])[1]</arg>
<arg>${Email}</arg>
<doc>Types the given ``text`` into the text field identified by ``locator``.</doc>
<msg timestamp="20230927 17:14:52.319" level="INFO">Typing text 'porhong@allweb.com.kh.kh' into text field '(//input[@id='mat-input-3'])[1]'.</msg>
<status status="PASS" starttime="20230927 17:14:52.318" endtime="20230927 17:14:53.109"/>
</kw>
<kw name="Click Element" library="SeleniumLibrary">
<arg>//input[@formcontrolname='password']</arg>
<doc>Click the element identified by ``locator``.</doc>
<msg timestamp="20230927 17:14:53.109" level="INFO">Clicking element '//input[@formcontrolname='password']'.</msg>
<status status="PASS" starttime="20230927 17:14:53.109" endtime="20230927 17:14:53.581"/>
</kw>
<kw name="Input Password" library="SeleniumLibrary">
<arg>(//input[@id='mat-input-4'])[1]</arg>
<arg>${Password}</arg>
<doc>Types the given password into the text field identified by ``locator``.</doc>
<msg timestamp="20230927 17:14:53.582" level="INFO">Typing password into text field '(//input[@id='mat-input-4'])[1]'.</msg>
<msg timestamp="20230927 17:14:54.032" level="INFO">Temporally setting log level to: NONE</msg>
<msg timestamp="20230927 17:14:54.272" level="INFO">Log level changed from NONE to INFO.</msg>
<status status="PASS" starttime="20230927 17:14:53.581" endtime="20230927 17:14:54.272"/>
</kw>
<kw name="Input Password" library="SeleniumLibrary">
<arg>(//input[@id='mat-input-5'])[1]</arg>
<arg>${Password}</arg>
<doc>Types the given password into the text field identified by ``locator``.</doc>
<msg timestamp="20230927 17:14:54.273" level="INFO">Typing password into text field '(//input[@id='mat-input-5'])[1]'.</msg>
<msg timestamp="20230927 17:14:54.723" level="INFO">Temporally setting log level to: NONE</msg>
<msg timestamp="20230927 17:14:54.991" level="INFO">Log level changed from NONE to INFO.</msg>
<status status="PASS" starttime="20230927 17:14:54.272" endtime="20230927 17:14:54.994"/>
</kw>
<kw name="Click Button" library="SeleniumLibrary">
<arg>(//button[@type='submit'])[1]</arg>
<doc>Clicks the button identified by ``locator``.</doc>
<msg timestamp="20230927 17:14:54.998" level="INFO">Clicking button '(//button[@type='submit'])[1]'.</msg>
<status status="PASS" starttime="20230927 17:14:54.995" endtime="20230927 17:14:56.148"/>
</kw>
<status status="PASS" starttime="20230927 17:14:48.816" endtime="20230927 17:14:56.150"/>
</kw>
<kw name="Verify" library="keywords">
<arg>//mat-error[text()='Username already existed. ']</arg>
<arg>Username already existed.</arg>
<kw name="Sleep" library="BuiltIn">
<arg>3s</arg>
<doc>Pauses the test executed for the given time.</doc>
<msg timestamp="20230927 17:14:59.155" level="INFO">Slept 3 seconds</msg>
<status status="PASS" starttime="20230927 17:14:56.153" endtime="20230927 17:14:59.155"/>
</kw>
<kw name="Get Text" library="SeleniumLibrary">
<var>${response}</var>
<arg>${xpath}</arg>
<doc>Returns the text value of the element identified by ``locator``.</doc>
<msg timestamp="20230927 17:14:59.623" level="INFO">${response} = Username already existed.</msg>
<status status="PASS" starttime="20230927 17:14:59.155" endtime="20230927 17:14:59.624"/>
</kw>
<kw name="Should Be Equal As Strings" library="BuiltIn">
<arg>${response}</arg>
<arg>${result}</arg>
<doc>Fails if objects are unequal after converting them to strings.</doc>
<status status="PASS" starttime="20230927 17:14:59.625" endtime="20230927 17:14:59.626"/>
</kw>
<status status="PASS" starttime="20230927 17:14:56.152" endtime="20230927 17:14:59.627"/>
</kw>
<kw name="Back to Manage User" library="keywords">
<kw name="Go Back" library="SeleniumLibrary">
<doc>Simulates the user clicking the back button on their browser.</doc>
<status status="PASS" starttime="20230927 17:14:59.633" endtime="20230927 17:14:59.887"/>
</kw>
<kw name="Click Element" library="SeleniumLibrary">
<arg>(//button[@class='mat-ripple aw-btn d-flex flex-column align-items-center justify-content-center aw-btn-danger'])[1]</arg>
<doc>Click the element identified by ``locator``.</doc>
<msg timestamp="20230927 17:14:59.895" level="INFO">Clicking element '(//button[@class='mat-ripple aw-btn d-flex flex-column align-items-center justify-content-center aw-btn-danger'])[1]'.</msg>
<status status="PASS" starttime="20230927 17:14:59.889" endtime="20230927 17:15:00.497"/>
</kw>
<status status="PASS" starttime="20230927 17:14:59.629" endtime="20230927 17:15:00.498"/>
</kw>
<kw name="Close Browser" library="SeleniumLibrary">
<doc>Closes the current browser.</doc>
<status status="PASS" starttime="20230927 17:15:00.547" endtime="20230927 17:15:04.767"/>
</kw>
<status status="PASS" starttime="20230927 17:14:36.892" endtime="20230927 17:15:04.768"/>
</test>
<doc>Add User</doc>
<status status="PASS" starttime="20230927 17:13:35.481" endtime="20230927 17:15:04.771"/>
</suite>
<statistics>
<total>
<stat pass="3" fail="0" skip="0">All Tests</stat>
</total>
<tag>
</tag>
<suite>
<stat pass="3" fail="0" skip="0" id="s1" name="Add User">Add User</stat>
</suite>
</statistics>
<errors>
</errors>
</robot>
